c:\users\anik_islam0\documents\visual studio 2013\projects\who_will_bell_cat\who_will_bell_cat\debug\bellthecat.obj
c:\users\anik_islam0\documents\visual studio 2013\projects\who_will_bell_cat\who_will_bell_cat\debug\vc110.pdb
c:\users\anik_islam0\documents\visual studio 2013\projects\who_will_bell_cat\debug\who_will_bell_cat.ilk
c:\users\anik_islam0\documents\visual studio 2013\projects\who_will_bell_cat\debug\who_will_bell_cat.exe
c:\users\anik_islam0\documents\visual studio 2013\projects\who_will_bell_cat\debug\who_will_bell_cat.pdb
c:\users\anik_islam0\documents\visual studio 2013\projects\who_will_bell_cat\who_will_bell_cat\debug\vc120.pdb
c:\users\anik_islam0\documents\visual studio 2013\projects\who_will_bell_cat\who_will_bell_cat\debug\vc120.idb
c:\users\anik_islam0\documents\visual studio 2013\projects\who_will_bell_cat\who_will_bell_cat\debug\cl.command.1.tlog
c:\users\anik_islam0\documents\visual studio 2013\projects\who_will_bell_cat\who_will_bell_cat\debug\cl.read.1.tlog
c:\users\anik_islam0\documents\visual studio 2013\projects\who_will_bell_cat\who_will_bell_cat\debug\cl.write.1.tlog
c:\users\anik_islam0\documents\visual studio 2013\projects\who_will_bell_cat\who_will_bell_cat\debug\link-cvtres.read.1.tlog
c:\users\anik_islam0\documents\visual studio 2013\projects\who_will_bell_cat\who_will_bell_cat\debug\link-cvtres.write.1.tlog
c:\users\anik_islam0\documents\visual studio 2013\projects\who_will_bell_cat\who_will_bell_cat\debug\link-rc.read.1.tlog
c:\users\anik_islam0\documents\visual studio 2013\projects\who_will_bell_cat\who_will_bell_cat\debug\link-rc.write.1.tlog
c:\users\anik_islam0\documents\visual studio 2013\projects\who_will_bell_cat\who_will_bell_cat\debug\link.command.1.tlog
c:\users\anik_islam0\documents\visual studio 2013\projects\who_will_bell_cat\who_will_bell_cat\debug\link.read.1.tlog
c:\users\anik_islam0\documents\visual studio 2013\projects\who_will_bell_cat\who_will_bell_cat\debug\link.write.1.tlog
c:\users\anik_islam0\documents\visual studio 2013\projects\who_will_bell_cat\who_will_bell_cat\debug\vc110.idb
c:\users\anik_islam0\documents\visual studio 2013\projects\who_will_bell_cat\who_will_bell_cat\debug\who_will.99d8e425.tlog\cl.command.1.tlog
c:\users\anik_islam0\documents\visual studio 2013\projects\who_will_bell_cat\who_will_bell_cat\debug\who_will.99d8e425.tlog\cl.read.1.tlog
c:\users\anik_islam0\documents\visual studio 2013\projects\who_will_bell_cat\who_will_bell_cat\debug\who_will.99d8e425.tlog\cl.write.1.tlog
c:\users\anik_islam0\documents\visual studio 2013\projects\who_will_bell_cat\who_will_bell_cat\debug\who_will.99d8e425.tlog\link.command.1.tlog
c:\users\anik_islam0\documents\visual studio 2013\projects\who_will_bell_cat\who_will_bell_cat\debug\who_will.99d8e425.tlog\link.read.1.tlog
c:\users\anik_islam0\documents\visual studio 2013\projects\who_will_bell_cat\who_will_bell_cat\debug\who_will.99d8e425.tlog\link.write.1.tlog
